#
# Output Filename: power_avg.out
# Generation Time: 25-November-2013_15:18:01 (UTC)
# File Contents:   Average Power Values
#
# EPS Version:     v2.5.8
#
# CFG Template:    v3.19
# EDF Template:    v3.12
# ITL Template:    v3.10
# EVF Template:    v3.1
#
# POR Definition:  CRID issue C4
# EVF (ESOC FD):   DDID appendix-H v2.1
#
# Input Timeline:  BC_SO10_FULL_________ITL_GEN_1A.itl
# Input CFG:       eps_mac.cfg
# Input EDF:       bepi.edf
# MDB version:     SISBCETB "ETB (1, 0, 38)"
# Input EVF:       bepi_events_mpo_00012.evf
#

Ref_date: 7-May-2024

Elapsed time        Total         ANTENNA            SSMM            BELA             ISA          MERMAG          MERTIS            MGNS            MORE          PHEBUS          SERENA   SIMBIOSYS_STC  SIMBIOSYS_HRIC  SIMBIOSYS_VIHI       MIXS_SIXS
ddd_hh:mm:ss      (Watts)         (Watts)         (Watts)         (Watts)         (Watts)         (Watts)         (Watts)         (Watts)         (Watts)         (Watts)         (Watts)         (Watts)         (Watts)         (Watts)         (Watts)
---------------------------------------------------------------------------------------------------------------------------------------------------------------------------------------------------------------------------------------------------------
000_00:00:00       18.350           0.000           0.000          13.470           0.000           4.880           0.000           0.000           0.000           0.000           0.000           0.000           0.000           0.000           0.000
001_00:00:00      163.340           0.000           0.000          43.900          12.870           4.880          12.900           5.000           0.000           0.000          37.200           6.180           0.000          11.210          29.200
002_00:00:00      163.340           0.000           0.000          43.900          12.870           4.880          12.900           5.000           0.000           0.000          37.200           6.180           0.000          11.210          29.200
003_00:00:00      148.640           0.000           0.000          43.900          12.870           4.880           9.000           5.000           0.000          24.000           2.400           6.180           0.000          11.210          29.200
004_00:00:00      105.820           0.000           0.000          13.470          12.870           4.880           9.000           5.000           0.000           0.000          34.300           0.000           0.000           0.000          26.300
005_00:00:00      134.680           0.000           0.000          13.470          12.870           5.630           9.000           5.000           0.000          22.500          37.200           0.000           0.000           2.710          26.300
006_00:00:00      135.430           0.000           0.000          13.470          12.870           4.880           9.000           5.000           0.000          24.000          37.200           0.000           0.000           2.710          26.300
007_00:00:00      180.540           0.000           0.000          43.900          12.870           4.880           9.000           5.000           0.000          24.000          34.300           6.180           0.000          11.210          29.200
008_00:00:00      160.440           0.000           0.000          43.900          12.870           4.880          12.900           5.000           0.000           0.000          34.300           6.180           0.000          11.210          29.200
009_00:00:00      156.540           0.000           0.000          43.900          12.870           4.880           9.000           5.000           0.000           0.000          34.300           6.180           0.000          11.210          29.200
010_00:00:00      127.420           0.000           0.000          13.470          12.870           4.880           9.000           5.000           0.000          22.500          33.400           0.000           0.000           0.000          26.300
011_00:00:00      104.920           0.000           0.000          13.470          12.870           4.880           9.000           5.000           0.000           0.000          33.400           0.000           0.000           0.000          26.300
012_00:00:00      104.920           0.000           0.000          13.470          12.870           4.880           9.000           5.000           0.000           0.000          33.400           0.000           0.000           0.000          26.300
013_00:00:00      163.150           0.000           0.000          43.900          12.870           4.880           9.000           5.000           0.000          24.000          34.300           0.000           0.000           0.000          29.200
014_00:00:00      167.050           0.000           0.000          43.900          12.870           4.880           9.000           5.000           0.000          25.000          37.200           0.000           0.000           0.000          29.200
015_00:00:00      142.050           0.000           0.000          43.900          12.870           4.880           9.000           5.000           0.000           0.000          37.200           0.000           0.000           0.000          29.200
016_00:00:00      175.220           0.000           0.000          22.770          12.870           4.880           9.000           5.000          37.000          24.000          33.400           0.000           0.000           0.000          26.300
017_00:00:00      141.920           0.000           0.000          13.470          12.870           4.880           9.000           5.000          37.000           0.000          33.400           0.000           0.000           0.000          26.300
018_00:00:00      141.920           0.000           0.000          13.470          12.870           4.880           9.000           5.000          37.000           0.000          33.400           0.000           0.000           0.000          26.300
019_00:00:00      144.820           0.000           0.000          13.470          12.870           4.880           9.000           5.000          37.000           0.000          33.400           0.000           0.000           0.000          29.200
020_00:00:00      142.050           0.000           0.000          43.900          12.870           4.880           9.000           5.000           0.000           0.000          37.200           0.000           0.000           0.000          29.200
021_00:00:00      178.150           0.000           0.000          43.900          12.870           4.880           9.000           5.000          39.000           0.000          34.300           0.000           0.000           0.000          29.200
022_00:00:00      175.250           0.000           0.000          43.900          12.870           4.880           9.000           5.000          37.000           0.000          33.400           0.000           0.000           0.000          29.200
023_00:00:00      144.820           0.000           0.000          13.470          12.870           4.880           9.000           5.000          37.000           0.000          33.400           0.000           0.000           0.000          29.200
024_00:00:00      144.820           0.000           0.000          13.470          12.870           4.880           9.000           5.000          37.000           0.000          33.400           0.000           0.000           0.000          29.200
025_00:00:00      144.820           0.000           0.000          13.470          12.870           4.880           9.000           5.000          37.000           0.000          33.400           0.000           0.000           0.000          29.200
026_00:00:00      174.250           0.000           0.000          43.900          12.870           4.880           9.000           5.000          38.000           0.000          34.300           0.000           0.000           0.000          26.300
027_00:00:00      175.250           0.000           0.000          43.900          12.870           4.880           9.000           5.000          39.000           0.000          34.300           0.000           0.000           0.000          26.300
028_00:00:00      199.250           0.000           0.000          43.900          12.870           4.880           9.000           5.000          37.000          24.000          33.400           0.000           0.000           0.000          29.200
029_00:00:00      167.320           0.000           0.000          13.470          12.870           4.880           9.000           5.000          37.000          22.500          33.400           0.000           0.000           0.000          29.200
030_00:00:00      168.820           0.000           0.000          13.470          12.870           4.880           9.000           5.000          37.000          24.000          33.400           0.000           0.000           0.000          29.200
031_00:00:00      144.820           0.000           0.000          13.470          12.870           4.880           9.000           5.000          37.000           0.000          33.400           0.000           0.000           0.000          29.200
032_00:00:00      176.150           0.000           0.000          43.900          12.870           4.880           9.000           5.000          37.000           0.000          37.200           0.000           0.000           0.000          26.300
033_00:00:00      139.900           0.000           0.000          43.900          12.870           5.630           9.000           5.000           0.000           0.000          37.200           0.000           0.000           0.000          26.300
034_00:00:00      281.950          97.000           0.000          43.900          12.870           4.880           9.000           5.000          37.000          24.000          34.300           0.000           0.000           0.000          14.000
035_00:00:00      226.620          97.000           0.000          13.470          12.870           4.880           9.000           5.000          37.000           0.000          33.400           0.000           0.000           0.000          14.000
036_00:00:00      230.520          97.000           0.000          13.470          12.870           4.880          12.900           5.000          37.000           0.000          33.400           0.000           0.000           0.000          14.000
037_00:00:00      226.620          97.000           0.000          13.470          12.870           4.880           9.000           5.000          37.000           0.000          33.400           0.000           0.000           0.000          14.000
038_00:00:00      223.850          97.000           0.000          43.900          12.870           4.880           9.000           5.000           0.000           0.000          37.200           0.000           0.000           0.000          14.000
039_00:00:00      218.800          97.000           0.000          43.900          12.870           5.630           9.000           5.000           0.000           0.000          34.300           0.000           0.000           0.000          11.100
040_00:00:00      242.050          97.000           0.000          43.900          12.870           4.880           9.000           5.000           0.000          24.000          34.300           0.000           0.000           0.000          11.100
041_00:00:00      250.620          97.000           0.000          13.470          12.870           4.880           9.000           5.000          37.000          24.000          33.400           0.000           0.000           0.000          14.000
042_00:00:00      226.620          97.000           0.000          13.470          12.870           4.880           9.000           5.000          37.000           0.000          33.400           0.000           0.000           0.000          14.000
043_00:00:00      250.620          97.000           0.000          13.470          12.870           4.880           9.000           5.000          37.000          24.000          33.400           0.000           0.000           0.000          14.000
044_00:00:00      167.650           0.000           0.000          43.900          12.870           4.880           9.000           5.000          37.000           0.000          33.400           0.000           0.000           0.000          21.600
045_00:00:00      157.300           0.000           0.000          43.900          12.870           5.630           9.000           5.000           0.000          25.000          37.200           0.000           0.000           0.000          18.700
046_00:00:00      194.550           0.000           0.000          43.900          12.870           4.880           9.000           5.000          39.000          24.000          37.200           0.000           0.000           0.000          18.700
047_00:00:00      150.420           0.000           0.000          22.770          12.870           4.880          12.900           5.000          37.000           0.000          33.400           0.000           0.000           0.000          21.600
048_00:00:00      141.120           0.000           0.000          13.470          12.870           4.880          12.900           5.000          37.000           0.000          33.400           0.000           0.000           0.000          21.600
049_00:00:00      141.120           0.000           0.000          13.470          12.870           4.880          12.900           5.000          37.000           0.000          33.400           0.000           0.000           0.000          21.600
050_00:00:00      141.120           0.000           0.000          13.470          12.870           4.880          12.900           5.000          37.000           0.000          33.400           0.000           0.000           0.000          21.600
051_00:00:00      131.550           0.000           0.000          43.900          12.870           4.880           9.000           5.000           0.000           0.000          37.200           0.000           0.000           0.000          18.700
052_00:00:00      193.050           0.000           0.000          43.900          12.870           4.880           9.000           5.000          39.000          22.500          37.200           0.000           0.000           0.000          18.700
053_00:00:00      171.550           0.000           0.000          43.900          12.870           4.880          12.900           5.000          37.000           0.000          33.400           0.000           0.000           0.000          21.600
054_00:00:00      134.320           0.000           0.000          13.470          12.870           4.880           9.000           5.000          37.000           0.000          33.400           0.000           0.000           0.000          18.700
055_00:00:00      158.320           0.000           0.000          13.470          12.870           4.880           9.000           5.000          37.000          24.000          33.400           0.000           0.000           0.000          18.700
056_00:00:00      134.320           0.000           0.000          13.470          12.870           4.880           9.000           5.000          37.000           0.000          33.400           0.000           0.000           0.000          18.700
057_00:00:00      168.550           0.000           0.000          43.900          12.870           4.880           9.000           5.000          37.000           0.000          34.300           0.000           0.000           0.000          21.600
058_00:00:00      170.550           0.000           0.000          43.900          12.870           4.880           9.000           5.000          39.000           0.000          34.300           0.000           0.000           0.000          21.600
059_00:00:00      169.920           0.000           0.000          22.770          12.870           4.880           9.000           5.000          37.000          22.500          34.300           0.000           0.000           0.000          21.600
060_00:00:00      134.320           0.000           0.000          13.470          12.870           4.880           9.000           5.000          37.000           0.000          33.400           0.000           0.000           0.000          18.700
061_00:00:00      134.320           0.000           0.000          13.470          12.870           4.880           9.000           5.000          37.000           0.000          33.400           0.000           0.000           0.000          18.700
062_00:00:00      134.320           0.000           0.000          13.470          12.870           4.880           9.000           5.000          37.000           0.000          33.400           0.000           0.000           0.000          18.700
063_00:00:00      168.550           0.000           0.000          43.900          12.870           4.880           9.000           5.000          37.000           0.000          34.300           0.000           0.000           0.000          21.600
064_00:00:00      176.920           0.000           0.000          43.900          12.870           4.880           9.000           5.000          39.000           0.000          37.200           0.000           3.470           0.000          21.600
065_00:00:00      171.450           0.000           0.000          43.900          12.870           4.880           9.000           5.000          37.000           0.000          37.200           0.000           0.000           0.000          21.600
066_00:00:00      134.320           0.000           0.000          13.470          12.870           4.880           9.000           5.000          37.000           0.000          33.400           0.000           0.000           0.000          18.700
067_00:00:00      158.320           0.000           0.000          13.470          12.870           4.880           9.000           5.000          37.000          24.000          33.400           0.000           0.000           0.000          18.700
068_00:00:00      161.030           0.000           0.000          13.470          12.870           4.880           9.000           5.000          37.000          24.000          33.400           0.000           0.000           2.710          18.700
069_00:00:00      177.620           0.000           0.000          43.900          12.870           4.880           9.000           5.000          37.000           0.000          37.200           3.460           0.000           2.710          21.600
070_00:00:00      196.210           0.000           0.000          43.900          12.870           4.880          12.900           5.000          37.000           0.000          37.200           6.180           3.470          11.210          21.600
071_00:00:00      185.940           0.000           0.000          43.900          12.870           4.880           9.000           5.000          37.000           0.000          34.300           6.180           0.000          11.210          21.600
072_00:00:00      147.420           0.000           0.000          22.770          12.870           4.880           9.000           5.000          37.000           0.000          37.200           0.000           0.000           0.000          18.700
073_00:00:00      163.870           0.000           0.000          13.470          12.870           5.630           9.000           5.000          37.000          25.000          37.200           0.000           0.000           0.000          18.700
074_00:00:00      164.080           0.000           0.000          13.470          12.870           5.630           9.000           5.000          37.000          22.500          37.200           0.000           0.000           2.710          18.700
075_00:00:00      167.540           0.000           0.000          13.470          12.870           4.880           9.000           5.000          37.000          24.000          37.200           2.710           0.000           2.710          18.700
076_00:00:00      213.840           0.000           0.000          43.900          12.870           4.880          12.900           5.000          37.000          24.000          34.300           6.180           0.000          11.210          21.600
077_00:00:00      196.210           0.000           0.000          43.900          12.870           4.880          12.900           5.000          37.000           0.000          37.200           6.180           3.470          11.210          21.600
078_00:00:00      171.450           0.000           0.000          43.900          12.870           4.880           9.000           5.000          37.000           0.000          37.200           0.000           0.000           0.000          21.600
079_00:00:00      161.370           0.000           0.000          13.470          12.870           5.630           9.000           5.000          37.000          22.500          37.200           0.000           0.000           0.000          18.700
080_00:00:00      141.580           0.000           0.000          13.470          12.870           5.630           9.000           5.000          37.000           0.000          37.200           0.000           0.000           2.710          18.700
081_00:00:00      140.830           0.000           0.000          13.470          12.870           4.880           9.000           5.000          37.000           0.000          37.200           0.000           0.000           2.710          18.700
082_00:00:00      212.340           0.000           0.000          43.900          12.870           4.880          12.900           5.000          37.000          22.500          34.300           6.180           0.000          11.210          21.600
083_00:00:00      196.210           0.000           0.000          43.900          12.870           4.880          12.900           5.000          37.000           0.000          37.200           6.180           3.470          11.210          21.600
084_00:00:00      192.740           0.000           0.000          43.900          12.870           4.880          12.900           5.000          37.000           0.000          37.200           6.180           0.000          11.210          21.600
085_00:00:00      138.120           0.000           0.000          13.470          12.870           4.880           9.000           5.000          37.000           0.000          37.200           0.000           0.000           0.000          18.700
086_00:00:00      135.970           0.000           0.000          13.470          12.870           5.630           9.000           5.000          37.000           0.000          34.300           0.000           0.000           0.000          18.700
087_00:00:00      164.830           0.000           0.000          13.470          12.870           4.880           9.000           5.000          37.000          24.000          37.200           0.000           0.000           2.710          18.700
088_00:00:00      191.710           0.000           0.000          22.770          12.870           4.880           9.000           5.000          37.000          24.000          37.200           6.180           0.000          11.210          21.600
089_00:00:00      193.310           0.000           0.000          43.900          12.870           4.880          12.900           5.000          37.000           0.000          34.300           6.180           3.470          11.210          21.600
090_00:00:00      185.940           0.000           0.000          43.900          12.870           4.880           9.000           5.000          37.000           0.000          34.300           6.180           0.000          11.210          21.600
091_00:00:00      134.320           0.000           0.000          13.470          12.870           4.880           9.000           5.000          37.000           0.000          33.400           0.000           0.000           0.000          18.700
092_00:00:00      138.870           0.000           0.000          13.470          12.870           5.630           9.000           5.000          37.000           0.000          37.200           0.000           0.000           0.000          18.700
093_00:00:00      164.830           0.000           0.000          13.470          12.870           4.880           9.000           5.000          37.000          24.000          37.200           0.000           0.000           2.710          18.700
094_00:00:00      188.840           0.000           0.000          43.900          12.870           4.880           9.000           5.000          37.000           0.000          37.200           6.180           0.000          11.210          21.600
095_00:00:00      215.810           0.000           0.000          43.900          12.870           4.880          12.900           5.000          37.000          22.500          34.300           6.180           3.470          11.210          21.600
096_00:00:00      188.840           0.000           0.000          43.900          12.870           4.880           9.000           5.000          37.000           0.000          37.200           6.180           0.000          11.210          21.600
097_00:00:00      143.620           0.000           0.000          22.770          12.870           4.880           9.000           5.000          37.000           0.000          33.400           0.000           0.000           0.000          18.700
098_00:00:00      134.320           0.000           0.000          13.470          12.870           4.880           9.000           5.000          37.000           0.000          33.400           0.000           0.000           0.000          18.700
099_00:00:00      134.320           0.000           0.000          13.470          12.870           4.880           9.000           5.000          37.000           0.000          33.400           0.000           0.000           0.000          18.700
100_00:00:00      146.520           0.000           0.000          22.770          12.870           4.880           9.000           5.000          37.000           0.000          33.400           0.000           0.000           0.000          21.600
101_00:00:00      171.450           0.000           0.000          43.900          12.870           4.880           9.000           5.000          37.000           0.000          37.200           0.000           0.000           0.000          21.600
102_00:00:00      171.450           0.000           0.000          43.900          12.870           4.880           9.000           5.000          37.000           0.000          37.200           0.000           0.000           0.000          21.600
103_00:00:00      164.750           0.000           0.000          43.900          12.870           4.880           9.000           5.000          37.000           0.000          33.400           0.000           0.000           0.000          18.700
104_00:00:00      134.320           0.000           0.000          13.470          12.870           4.880           9.000           5.000          37.000           0.000          33.400           0.000           0.000           0.000          18.700
105_00:00:00      134.320           0.000           0.000          13.470          12.870           4.880           9.000           5.000          37.000           0.000          33.400           0.000           0.000           0.000          18.700
106_00:00:00      156.820           0.000           0.000          13.470          12.870           4.880           9.000           5.000          37.000          22.500          33.400           0.000           0.000           0.000          18.700
107_00:00:00      193.950           0.000           0.000          43.900          12.870           4.880           9.000           5.000          37.000          22.500          37.200           0.000           0.000           0.000          21.600
108_00:00:00      193.550           0.000           0.000          43.900          12.870           4.880           9.000           5.000          37.000          25.000          34.300           0.000           0.000           0.000          21.600
109_00:00:00      171.450           0.000           0.000          43.900          12.870           4.880           9.000           5.000          37.000           0.000          37.200           0.000           0.000           0.000          21.600
110_00:00:00      161.220           0.000           0.000          13.470          12.870           4.880           9.000           5.000          37.000          24.000          33.400           0.000           0.000           0.000          21.600
111_00:00:00      137.220           0.000           0.000          13.470          12.870           4.880           9.000           5.000          37.000           0.000          33.400           0.000           0.000           0.000          21.600
112_00:00:00      137.220           0.000           0.000          13.470          12.870           4.880           9.000           5.000          37.000           0.000          33.400           0.000           0.000           0.000          21.600
113_00:00:00      189.650           0.000           0.000          43.900          12.870           4.880           9.000           5.000          37.000          24.000          34.300           0.000           0.000           0.000          18.700
114_00:00:00      168.550           0.000           0.000          43.900          12.870           4.880           9.000           5.000          37.000           0.000          37.200           0.000           0.000           0.000          18.700
115_00:00:00      171.450           0.000           0.000          43.900          12.870           4.880           9.000           5.000          37.000           0.000          37.200           0.000           0.000           0.000          21.600
116_00:00:00      137.220           0.000           0.000          13.470          12.870           4.880           9.000           5.000          37.000           0.000          33.400           0.000           0.000           0.000          21.600
117_00:00:00      137.220           0.000           0.000          13.470          12.870           4.880           9.000           5.000          37.000           0.000          33.400           0.000           0.000           0.000          21.600
118_00:00:00      137.220           0.000           0.000          13.470          12.870           4.880           9.000           5.000          37.000           0.000          33.400           0.000           0.000           0.000          21.600
119_00:00:00      136.650           0.000           0.000          43.900          12.870           4.880           9.000           5.000          37.000           0.000           2.400           0.000           0.000           0.000          21.600
120_00:00:00      191.800           0.000           0.000          43.900          12.870           5.630           9.000           5.000          37.000          22.500          37.200           0.000           0.000           0.000          18.700
121_00:00:00      165.650           0.000           0.000          43.900          12.870           4.880           9.000           5.000          37.000           0.000          34.300           0.000           0.000           0.000          18.700
122_00:00:00      254.520          97.000           0.000          13.470          12.870           4.880          12.900           5.000          37.000          24.000          33.400           0.000           0.000           0.000          14.000
123_00:00:00      230.520          97.000           0.000          13.470          12.870           4.880          12.900           5.000          37.000           0.000          33.400           0.000           0.000           0.000          14.000
124_00:00:00      249.120          97.000           0.000          13.470          12.870           4.880           9.000           5.000          37.000          22.500          33.400           0.000           0.000           0.000          14.000
125_00:00:00      257.050          97.000           0.000          43.900          12.870           4.880           9.000           5.000          37.000           0.000          33.400           0.000           0.000           0.000          14.000
126_00:00:00      278.300          97.000           0.000          43.900          12.870           5.630           9.000           5.000          37.000          22.500          34.300           0.000           0.000           0.000          11.100
127_00:00:00      281.200          97.000           0.000          43.900          12.870           5.630           9.000           5.000          37.000          22.500          37.200           0.000           0.000           0.000          11.100
128_00:00:00      259.920          97.000           0.000          22.770          12.870           4.880           9.000           5.000          37.000          24.000          33.400           0.000           0.000           0.000          14.000
129_00:00:00      226.620          97.000           0.000          13.470          12.870           4.880           9.000           5.000          37.000           0.000          33.400           0.000           0.000           0.000          14.000
130_00:00:00      226.620          97.000           0.000          13.470          12.870           4.880           9.000           5.000          37.000           0.000          33.400           0.000           0.000           0.000          14.000
131_00:00:00      226.620          97.000           0.000          13.470          12.870           4.880           9.000           5.000          37.000           0.000          33.400           0.000           0.000           0.000          14.000
132_00:00:00      158.050           0.000           0.000          43.900          12.870           4.880           9.000           5.000          37.000           0.000          34.300           0.000           0.000           0.000          11.100
133_00:00:00      161.700           0.000           0.000          43.900          12.870           5.630           9.000           5.000          37.000           0.000          37.200           0.000           0.000           0.000          11.100
134_00:00:00      186.450           0.000           0.000          43.900          12.870           4.880          12.900           5.000          37.000          22.500          33.400           0.000           0.000           0.000          14.000
135_00:00:00      133.520           0.000           0.000          13.470          12.870           4.880          12.900           5.000          37.000           0.000          33.400           0.000           0.000           0.000          14.000
136_00:00:00      133.520           0.000           0.000          13.470          12.870           4.880          12.900           5.000          37.000           0.000          33.400           0.000           0.000           0.000          14.000
137_00:00:00      163.620           0.000           0.000          13.470          12.870           4.880          12.900           5.000          37.000          22.500          33.400           0.000           0.000           0.000          21.600
138_00:00:00      191.050           0.000           0.000          43.900          12.870           4.880           9.000           5.000          37.000          22.500          37.200           0.000           0.000           0.000          18.700
139_00:00:00      165.650           0.000           0.000          43.900          12.870           4.880           9.000           5.000          37.000           0.000          34.300           0.000           0.000           0.000          18.700
140_00:00:00      168.550           0.000           0.000          43.900          12.870           4.880           9.000           5.000          37.000           0.000          34.300           0.000           0.000           0.000          21.600
141_00:00:00      165.120           0.000           0.000          13.470          12.870           4.880          12.900           5.000          37.000          24.000          33.400           0.000           0.000           0.000          21.600
142_00:00:00      137.790           0.000           0.000          13.470          12.870           4.880           9.000           5.000          37.000           0.000          33.400           0.000           3.470           0.000          18.700
143_00:00:00      134.320           0.000           0.000          13.470          12.870           4.880           9.000           5.000          37.000           0.000          33.400           0.000           0.000           0.000          18.700
144_00:00:00      168.550           0.000           0.000          43.900          12.870           4.880           9.000           5.000          37.000           0.000          34.300           0.000           0.000           0.000          21.600
145_00:00:00      155.550           0.000           0.000          43.900          12.870           4.880           9.000           5.000           0.000          24.000          34.300           0.000           0.000           0.000          21.600
146_00:00:00      134.450           0.000           0.000          43.900          12.870           4.880           9.000           5.000           0.000           0.000          37.200           0.000           0.000           0.000          21.600
147_00:00:00       97.320           0.000           0.000          13.470          12.870           4.880           9.000           5.000           0.000           0.000          33.400           0.000           0.000           0.000          18.700
148_00:00:00       97.320           0.000           0.000          13.470          12.870           4.880           9.000           5.000           0.000           0.000          33.400           0.000           0.000           0.000          18.700
149_00:00:00      119.820           0.000           0.000          13.470          12.870           4.880           9.000           5.000           0.000          22.500          33.400           0.000           0.000           0.000          18.700
150_00:00:00      167.650           0.000           0.000          43.900          12.870           4.880           9.000           5.000          37.000           0.000          33.400           0.000           0.000           0.000          21.600
151_00:00:00      198.920           0.000           0.000          43.900          12.870           4.880           9.000           5.000          37.000          24.000          37.200           0.000           3.470           0.000          21.600
152_00:00:00      195.450           0.000           0.000          43.900          12.870           4.880           9.000           5.000          37.000          24.000          37.200           0.000           0.000           0.000          21.600
153_00:00:00      149.620           0.000           0.000          22.770          12.870           4.880           9.000           5.000          37.000           6.000          33.400           0.000           0.000           0.000          18.700
154_00:00:00      134.320           0.000           0.000          13.470          12.870           4.880           9.000           5.000          37.000           0.000          33.400           0.000           0.000           0.000          18.700
155_00:00:00      134.320           0.000           0.000          13.470          12.870           4.880           9.000           5.000          37.000           0.000          33.400           0.000           0.000           0.000          18.700
156_00:00:00      139.740           0.000           0.000          13.470          12.870           4.880           9.000           5.000          37.000           0.000          33.400           2.710           0.000           2.710          18.700
157_00:00:00      188.840           0.000           0.000          43.900          12.870           4.880           9.000           5.000          37.000           0.000          37.200           6.180           0.000          11.210          21.600
158_00:00:00      189.840           0.000           0.000          43.900          12.870           4.880          12.900           5.000          37.000           0.000          34.300           6.180           0.000          11.210          21.600
159_00:00:00      193.760           0.000           0.000          43.900          12.870           4.880           9.000           5.000          37.000          22.500          34.300           2.710           0.000           0.000          21.600
160_00:00:00      138.120           0.000           0.000          13.470          12.870           4.880           9.000           5.000          37.000           0.000          37.200           0.000           0.000           0.000          18.700
161_00:00:00      141.580           0.000           0.000          13.470          12.870           5.630           9.000           5.000          37.000           0.000          37.200           0.000           0.000           2.710          18.700
162_00:00:00      164.830           0.000           0.000          13.470          12.870           4.880           9.000           5.000          37.000          24.000          37.200           0.000           0.000           2.710          18.700
163_00:00:00      189.840           0.000           0.000          43.900          12.870           4.880          12.900           5.000          37.000           0.000          34.300           6.180           0.000          11.210          21.600
164_00:00:00      193.310           0.000           0.000          43.900          12.870           4.880          12.900           5.000          37.000           0.000          34.300           6.180           3.470          11.210          21.600
165_00:00:00      213.840           0.000           0.000          43.900          12.870           4.880           9.000           5.000          37.000          25.000          37.200           6.180           0.000          11.210          21.600
166_00:00:00      138.120           0.000           0.000          13.470          12.870           4.880           9.000           5.000          37.000           0.000          37.200           0.000           0.000           0.000          18.700
167_00:00:00      140.870           0.000           0.000          13.470          12.870           5.630           9.000           5.000          39.000           0.000          37.200           0.000           0.000           0.000          18.700
168_00:00:00      161.930           0.000           0.000          13.470          12.870           4.880           9.000           5.000          37.000          24.000          34.300           0.000           0.000           2.710          18.700
169_00:00:00      212.840           0.000           0.000          43.900          12.870           4.880           9.000           5.000          37.000          24.000          37.200           6.180           0.000          11.210          21.600
170_00:00:00      196.210           0.000           0.000          43.900          12.870           4.880          12.900           5.000          37.000           0.000          37.200           6.180           3.470          11.210          21.600
171_00:00:00      185.940           0.000           0.000          43.900          12.870           4.880           9.000           5.000          37.000           0.000          34.300           6.180           0.000          11.210          21.600
172_00:00:00      160.620           0.000           0.000          13.470          12.870           4.880           9.000           5.000          37.000          22.500          37.200           0.000           0.000           0.000          18.700
173_00:00:00       98.070           0.000           0.000          13.470          12.870           5.630           9.000           5.000           0.000           0.000          33.400           0.000           0.000           0.000          18.700
174_00:00:00      166.080           0.000           0.000          13.470          12.870           5.630           9.000           5.000          39.000          22.500          37.200           0.000           0.000           2.710          18.700
175_00:00:00      200.120           0.000           0.000          43.900          12.870           4.880           9.000           5.000          37.000          22.500          37.200           3.460           0.000           2.710          21.600
176_00:00:00      183.230           0.000           0.000          43.900          12.870           4.880           9.000           5.000          37.000           0.000          34.300           0.000           3.470          11.210          21.600
177_00:00:00      168.550           0.000           0.000          43.900          12.870           4.880           9.000           5.000          37.000           0.000          34.300           0.000           0.000           0.000          21.600
178_00:00:00      138.120           0.000           0.000          13.470          12.870           4.880           9.000           5.000          37.000           0.000          37.200           0.000           0.000           0.000          18.700
179_00:00:00      124.370           0.000           0.000          13.470          12.870           5.630           9.000           5.000           0.000          22.500          37.200           0.000           0.000           0.000          18.700
180_00:00:00      163.370           0.000           0.000          13.470          12.870           5.630           9.000           5.000          39.000          22.500          37.200           0.000           0.000           0.000          18.700
181_00:00:00      171.420           0.000           0.000          22.770          12.870           4.880           9.000           5.000          37.000          24.000          37.200           0.000           0.000           0.000          18.700
182_00:00:00      174.160           0.000           0.000          43.900          12.870           4.880           9.000           5.000          37.000           0.000          37.200           0.000           0.000           2.710          21.600
183_00:00:00      171.450           0.000           0.000          43.900          12.870           4.880           9.000           5.000          37.000           0.000          37.200           0.000           0.000           0.000          21.600
184_00:00:00      146.520           0.000           0.000          22.770          12.870           4.880           9.000           5.000          37.000           0.000          33.400           0.000           0.000           0.000          21.600
185_00:00:00      119.820           0.000           0.000          13.470          12.870           4.880           9.000           5.000           0.000          22.500          33.400           0.000           0.000           0.000          18.700
186_00:00:00       97.320           0.000           0.000          13.470          12.870           4.880           9.000           5.000           0.000           0.000          33.400           0.000           0.000           0.000          18.700
187_00:00:00      134.320           0.000           0.000          13.470          12.870           4.880           9.000           5.000          37.000           0.000          33.400           0.000           0.000           0.000          18.700
188_00:00:00      195.450           0.000           0.000          43.900          12.870           4.880           9.000           5.000          37.000          24.000          37.200           0.000           0.000           0.000          21.600
189_00:00:00      197.420           0.000           0.000          43.900          12.870           4.880           9.000           5.000          37.000          22.500          37.200           0.000           3.470           0.000          21.600
190_00:00:00      136.650           0.000           0.000          43.900          12.870           4.880           9.000           5.000          37.000           0.000           2.400           0.000           0.000           0.000          21.600
191_00:00:00      121.320           0.000           0.000          13.470          12.870           4.880           9.000           5.000           0.000          24.000          33.400           0.000           0.000           0.000          18.700
192_00:00:00       97.320           0.000           0.000          13.470          12.870           4.880           9.000           5.000           0.000           0.000          33.400           0.000           0.000           0.000          18.700
193_00:00:00      134.320           0.000           0.000          13.470          12.870           4.880           9.000           5.000          37.000           0.000          33.400           0.000           0.000           0.000          18.700
194_00:00:00      168.550           0.000           0.000          43.900          12.870           4.880           9.000           5.000          37.000           0.000          34.300           0.000           0.000           0.000          21.600
195_00:00:00      168.550           0.000           0.000          43.900          12.870           4.880           9.000           5.000          37.000           0.000          34.300           0.000           0.000           0.000          21.600
196_00:00:00      147.420           0.000           0.000          22.770          12.870           4.880           9.000           5.000          37.000           0.000          34.300           0.000           0.000           0.000          21.600
197_00:00:00      156.820           0.000           0.000          13.470          12.870           4.880           9.000           5.000          37.000          22.500          33.400           0.000           0.000           0.000          18.700
198_00:00:00      100.220           0.000           0.000          13.470          12.870           4.880           9.000           5.000           0.000           0.000          33.400           0.000           0.000           0.000          21.600
199_00:00:00      139.220           0.000           0.000          13.470          12.870           4.880           9.000           5.000          39.000           0.000          33.400           0.000           0.000           0.000          21.600
200_00:00:00      167.650           0.000           0.000          43.900          12.870           4.880           9.000           5.000          37.000           0.000          33.400           0.000           0.000           0.000          21.600
201_00:00:00      193.550           0.000           0.000          43.900          12.870           4.880           9.000           5.000          37.000          25.000          37.200           0.000           0.000           0.000          18.700
202_00:00:00      168.550           0.000           0.000          43.900          12.870           4.880           9.000           5.000          37.000           0.000          37.200           0.000           0.000           0.000          18.700
203_00:00:00      161.220           0.000           0.000          13.470          12.870           4.880           9.000           5.000          37.000          24.000          33.400           0.000           0.000           0.000          21.600
204_00:00:00      106.220           0.000           0.000          13.470          12.870           4.880           9.000           5.000           0.000           6.000          33.400           0.000           0.000           0.000          21.600
205_00:00:00      163.220           0.000           0.000          13.470          12.870           4.880           9.000           5.000          39.000          24.000          33.400           0.000           0.000           0.000          21.600
206_00:00:00      167.650           0.000           0.000          43.900          12.870           4.880           9.000           5.000          37.000           0.000          33.400           0.000           0.000           0.000          21.600
207_00:00:00      175.300           0.000           0.000          43.900          12.870           5.630           9.000           5.000          37.000           6.000          37.200           0.000           0.000           0.000          18.700
208_00:00:00      191.400           0.000           0.000          43.900          12.870           5.630           9.000           5.000          37.000          25.000          34.300           0.000           0.000           0.000          18.700
209_00:00:00      170.520           0.000           0.000          22.770          12.870           4.880           9.000           5.000          37.000          24.000          33.400           0.000           0.000           0.000          21.600
210_00:00:00      217.520          97.000           0.000          13.470          12.870           4.880          12.900           5.000           0.000          24.000          33.400           0.000           0.000           0.000          14.000
211_00:00:00      189.620          97.000           0.000          13.470          12.870           4.880           9.000           5.000           0.000           0.000          33.400           0.000           0.000           0.000          14.000
212_00:00:00      193.520          97.000           0.000          13.470          12.870           4.880          12.900           5.000           0.000           0.000          33.400           0.000           0.000           0.000          14.000
213_00:00:00      218.050          97.000           0.000          43.900          12.870           4.880           9.000           5.000           0.000           0.000          34.300           0.000           0.000           0.000          11.100
214_00:00:00      241.300          97.000           0.000          43.900          12.870           5.630           9.000           5.000           0.000          22.500          34.300           0.000           0.000           0.000          11.100
215_00:00:00      244.050          97.000           0.000          43.900          12.870           4.880           9.000           5.000           0.000          24.000          33.400           0.000           0.000           0.000          14.000
216_00:00:00      189.620          97.000           0.000          13.470          12.870           4.880           9.000           5.000           0.000           0.000          33.400           0.000           0.000           0.000          14.000
217_00:00:00      189.620          97.000           0.000          13.470          12.870           4.880           9.000           5.000           0.000           0.000          33.400           0.000           0.000           0.000          14.000
218_00:00:00      189.620          97.000           0.000          13.470          12.870           4.880           9.000           5.000           0.000           0.000          33.400           0.000           0.000           0.000          14.000
219_00:00:00      223.850          97.000           0.000          43.900          12.870           4.880           9.000           5.000           0.000           0.000          37.200           0.000           0.000           0.000          14.000
220_00:00:00      132.300           0.000           0.000          43.900          12.870           5.630           9.000           5.000           0.000           0.000          37.200           0.000           0.000           0.000          18.700
221_00:00:00      155.550           0.000           0.000          43.900          12.870           4.880           9.000           5.000           0.000          24.000          34.300           0.000           0.000           0.000          21.600
222_00:00:00      104.120           0.000           0.000          13.470          12.870           4.880          12.900           5.000           0.000           0.000          33.400           0.000           0.000           0.000          21.600
223_00:00:00      104.120           0.000           0.000          13.470          12.870           4.880          12.900           5.000           0.000           0.000          33.400           0.000           0.000           0.000          21.600
224_00:00:00      104.120           0.000           0.000          13.470          12.870           4.880          12.900           5.000           0.000           0.000          33.400           0.000           0.000           0.000          21.600
225_00:00:00       99.650           0.000           0.000          43.900          12.870           4.880           9.000           5.000           0.000           0.000           2.400           0.000           0.000           0.000          21.600
226_00:00:00      128.650           0.000           0.000          43.900          12.870           4.880           9.000           5.000           0.000           0.000          34.300           0.000           0.000           0.000          18.700
227_00:00:00      151.150           0.000           0.000          43.900          12.870           4.880           9.000           5.000           0.000          22.500          34.300           0.000           0.000           0.000          18.700
228_00:00:00      104.120           0.000           0.000          13.470          12.870           4.880          12.900           5.000           0.000           0.000          33.400           0.000           0.000           0.000          21.600
229_00:00:00      104.120           0.000           0.000          13.470          12.870           4.880          12.900           5.000           0.000           0.000          33.400           0.000           0.000           0.000          21.600
230_00:00:00       97.320           0.000           0.000          13.470          12.870           4.880           9.000           5.000           0.000           0.000          33.400           0.000           0.000           0.000          18.700
231_00:00:00      130.650           0.000           0.000          43.900          12.870           4.880           9.000           5.000           0.000           0.000          33.400           0.000           0.000           0.000          21.600
232_00:00:00      134.450           0.000           0.000          43.900          12.870           4.880           9.000           5.000           0.000           0.000          37.200           0.000           0.000           0.000          21.600
233_00:00:00      134.450           0.000           0.000          43.900          12.870           4.880           9.000           5.000           0.000           0.000          37.200           0.000           0.000           0.000          21.600
234_00:00:00      121.320           0.000           0.000          13.470          12.870           4.880           9.000           5.000           0.000          24.000          33.400           0.000           0.000           0.000          18.700
235_00:00:00       97.320           0.000           0.000          13.470          12.870           4.880           9.000           5.000           0.000           0.000          33.400           0.000           0.000           0.000          18.700
236_00:00:00       97.320           0.000           0.000          13.470          12.870           4.880           9.000           5.000           0.000           0.000          33.400           0.000           0.000           0.000          18.700
237_00:00:00       97.320           0.000           0.000          13.470          12.870           4.880           9.000           5.000           0.000           0.000          33.400           0.000           0.000           0.000          18.700
238_00:00:00      134.450           0.000           0.000          43.900          12.870           4.880           9.000           5.000           0.000           0.000          37.200           0.000           0.000           0.000          21.600
239_00:00:00      134.450           0.000           0.000          43.900          12.870           4.880           9.000           5.000           0.000           0.000          37.200           0.000           0.000           0.000          21.600
240_00:00:00      130.650           0.000           0.000          43.900          12.870           4.880           9.000           5.000           0.000           0.000          33.400           0.000           0.000           0.000          21.600
241_00:00:00       97.320           0.000           0.000          13.470          12.870           4.880           9.000           5.000           0.000           0.000          33.400           0.000           0.000           0.000          18.700
242_00:00:00      121.320           0.000           0.000          13.470          12.870           4.880           9.000           5.000           0.000          24.000          33.400           0.000           0.000           0.000          18.700
243_00:00:00       97.320           0.000           0.000          13.470          12.870           4.880           9.000           5.000           0.000           0.000          33.400           0.000           0.000           0.000          18.700
244_00:00:00      139.530           0.000           0.000          22.770          12.870           4.880          12.900           5.000           0.000          22.500          34.300           0.000           0.000           2.710          21.600
245_00:00:00      150.130           0.000           0.000          43.900          12.870           4.880          12.900           5.000           0.000           0.000          34.300           0.000           3.470          11.210          21.600
246_00:00:00      131.550           0.000           0.000          43.900          12.870           4.880           9.000           5.000           0.000           0.000          34.300           0.000           0.000           0.000          21.600
247_00:00:00      101.120           0.000           0.000          13.470          12.870           4.880           9.000           5.000           0.000           0.000          37.200           0.000           0.000           0.000          18.700
248_00:00:00      101.870           0.000           0.000          13.470          12.870           5.630           9.000           5.000           0.000           0.000          37.200           0.000           0.000           0.000          18.700
249_00:00:00      125.120           0.000           0.000          13.470          12.870           4.880           9.000           5.000           0.000          24.000          37.200           0.000           0.000           0.000          18.700
250_00:00:00      155.550           0.000           0.000          43.900          12.870           4.880           9.000           5.000           0.000          24.000          34.300           0.000           0.000           0.000          21.600
251_00:00:00      153.030           0.000           0.000          43.900          12.870           4.880          12.900           5.000           0.000           0.000          37.200           0.000           3.470          11.210          21.600
252_00:00:00      134.450           0.000           0.000          43.900          12.870           4.880           9.000           5.000           0.000           0.000          37.200           0.000           0.000           0.000          21.600
253_00:00:00      101.120           0.000           0.000          13.470          12.870           4.880           9.000           5.000           0.000           0.000          37.200           0.000           0.000           0.000          18.700
254_00:00:00      101.870           0.000           0.000          13.470          12.870           5.630           9.000           5.000           0.000           0.000          37.200           0.000           0.000           0.000          18.700
255_00:00:00      120.570           0.000           0.000          13.470          12.870           5.630           9.000           5.000           0.000          22.500          33.400           0.000           0.000           0.000          18.700
256_00:00:00      137.910           0.000           0.000          43.900          12.870           4.880           9.000           5.000           0.000           0.000          37.200           3.460           0.000           0.000          21.600
257_00:00:00      181.710           0.000           0.000          43.900          12.870           4.880          12.900           5.000           0.000          22.500          37.200           6.180           3.470          11.210          21.600
258_00:00:00      137.730           0.000           0.000          43.900          12.870           4.880           9.000           5.000           0.000           0.000          34.300           6.180           0.000           0.000          21.600
259_00:00:00      101.120           0.000           0.000          13.470          12.870           4.880           9.000           5.000           0.000           0.000          37.200           0.000           0.000           0.000          18.700
260_00:00:00      124.370           0.000           0.000          13.470          12.870           5.630           9.000           5.000           0.000          22.500          37.200           0.000           0.000           0.000          18.700
261_00:00:00      101.870           0.000           0.000          13.470          12.870           5.630           9.000           5.000           0.000           0.000          37.200           0.000           0.000           0.000          18.700
262_00:00:00      155.550           0.000           0.000          43.900          12.870           4.880           9.000           5.000           0.000          24.000          37.200           0.000           0.000           0.000          18.700
263_00:00:00      138.160           0.000           0.000          43.900          12.870           4.880          12.900           5.000           0.000           0.000          34.300           0.000           0.000           2.710          21.600
264_00:00:00      138.350           0.000           0.000          43.900          12.870           4.880          12.900           5.000           0.000           0.000          37.200           0.000           0.000           0.000          21.600
265_00:00:00      113.320           0.000           0.000          22.770          12.870           4.880           9.000           5.000           0.000           0.000          37.200           0.000           0.000           0.000          21.600
266_00:00:00      101.120           0.000           0.000          13.470          12.870           4.880           9.000           5.000           0.000           0.000          37.200           0.000           0.000           0.000          18.700
267_00:00:00      101.870           0.000           0.000          13.470          12.870           5.630           9.000           5.000           0.000           0.000          37.200           0.000           0.000           0.000          18.700
268_00:00:00      125.120           0.000           0.000          13.470          12.870           4.880           9.000           5.000           0.000          24.000          37.200           0.000           0.000           0.000          18.700
269_00:00:00      134.260           0.000           0.000          43.900          12.870           4.880           9.000           5.000           0.000           0.000          34.300           0.000           0.000           2.710          21.600
270_00:00:00      175.530           0.000           0.000          43.900          12.870           4.880          12.900           5.000           0.000          22.500          37.200           0.000           3.470          11.210          21.600
271_00:00:00      138.350           0.000           0.000          43.900          12.870           4.880          12.900           5.000           0.000           0.000          37.200           0.000           0.000           0.000          21.600
272_00:00:00      121.320           0.000           0.000          13.470          12.870           4.880           9.000           5.000           0.000          24.000          33.400           0.000           0.000           0.000          18.700
273_00:00:00       97.320           0.000           0.000          13.470          12.870           4.880           9.000           5.000           0.000           0.000          33.400           0.000           0.000           0.000          18.700
274_00:00:00       97.320           0.000           0.000          13.470          12.870           4.880           9.000           5.000           0.000           0.000          33.400           0.000           0.000           0.000          18.700
275_00:00:00      195.450           0.000           0.000          43.900          12.870           4.880           9.000           5.000          37.000          24.000          37.200           0.000           0.000           0.000          21.600
276_00:00:00      172.020           0.000           0.000          43.900          12.870           4.880           9.000           5.000          37.000           0.000          34.300           0.000           3.470           0.000          21.600
277_00:00:00      168.550           0.000           0.000          43.900          12.870           4.880           9.000           5.000          37.000           0.000          34.300           0.000           0.000           0.000          21.600
278_00:00:00       97.320           0.000           0.000          13.470          12.870           4.880           9.000           5.000           0.000           0.000          33.400           0.000           0.000           0.000          18.700
279_00:00:00       97.320           0.000           0.000          13.470          12.870           4.880           9.000           5.000           0.000           0.000          33.400           0.000           0.000           0.000          18.700
280_00:00:00      134.320           0.000           0.000          13.470          12.870           4.880           9.000           5.000          37.000           0.000          33.400           0.000           0.000           0.000          18.700
281_00:00:00      169.020           0.000           0.000          22.770          12.870           4.880           9.000           5.000          37.000          22.500          33.400           0.000           0.000           0.000          21.600
282_00:00:00      194.950           0.000           0.000          43.900          12.870           4.880          12.900           5.000          37.000          22.500          34.300           0.000           0.000           0.000          21.600
283_00:00:00      199.350           0.000           0.000          43.900          12.870           4.880          12.900           5.000          37.000          24.000          37.200           0.000           0.000           0.000          21.600
284_00:00:00      134.320           0.000           0.000          13.470          12.870           4.880           9.000           5.000          37.000           0.000          33.400           0.000           0.000           0.000          18.700
285_00:00:00      134.320           0.000           0.000          13.470          12.870           4.880           9.000           5.000          37.000           0.000          33.400           0.000           0.000           0.000          18.700
286_00:00:00      159.720           0.000           0.000          13.470          12.870           4.880           9.000           5.000          37.000          22.500          33.400           0.000           0.000           0.000          21.600
287_00:00:00      167.650           0.000           0.000          43.900          12.870           4.880           9.000           5.000          37.000           0.000          33.400           0.000           0.000           0.000          21.600
288_00:00:00      192.550           0.000           0.000          43.900          12.870           4.880           9.000           5.000          37.000          24.000          37.200           0.000           0.000           0.000          18.700
289_00:00:00      168.550           0.000           0.000          43.900          12.870           4.880           9.000           5.000          37.000           0.000          37.200           0.000           0.000           0.000          18.700
290_00:00:00      146.520           0.000           0.000          22.770          12.870           4.880           9.000           5.000          37.000           0.000          33.400           0.000           0.000           0.000          21.600
291_00:00:00      137.220           0.000           0.000          13.470          12.870           4.880           9.000           5.000          37.000           0.000          33.400           0.000           0.000           0.000          21.600
292_00:00:00      137.220           0.000           0.000          13.470          12.870           4.880           9.000           5.000          37.000           0.000          33.400           0.000           0.000           0.000          21.600
293_00:00:00      137.220           0.000           0.000          13.470          12.870           4.880           9.000           5.000          37.000           0.000          33.400           0.000           0.000           0.000          21.600
294_00:00:00      188.150           0.000           0.000          43.900          12.870           4.880           9.000           5.000          37.000          22.500          34.300           0.000           0.000           0.000          18.700
295_00:00:00      188.900           0.000           0.000          43.900          12.870           5.630           9.000           5.000          37.000          22.500          34.300           0.000           0.000           0.000          18.700
296_00:00:00      168.550           0.000           0.000          43.900          12.870           4.880           9.000           5.000          37.000           0.000          34.300           0.000           0.000           0.000          21.600
297_00:00:00      141.120           0.000           0.000          13.470          12.870           4.880          12.900           5.000          37.000           0.000          33.400           0.000           0.000           0.000          21.600
298_00:00:00      226.620          97.000           0.000          13.470          12.870           4.880           9.000           5.000          37.000           0.000          33.400           0.000           0.000           0.000          14.000
299_00:00:00      253.020          97.000           0.000          13.470          12.870           4.880          12.900           5.000          37.000          22.500          33.400           0.000           0.000           0.000          14.000
300_00:00:00      257.950          97.000           0.000          43.900          12.870           4.880           9.000           5.000          37.000           0.000          34.300           0.000           0.000           0.000          14.000
301_00:00:00      258.700          97.000           0.000          43.900          12.870           5.630           9.000           5.000          37.000           0.000          37.200           0.000           0.000           0.000          11.100
302_00:00:00      284.850          97.000           0.000          43.900          12.870           4.880           9.000           5.000          37.000          24.000          37.200           0.000           0.000           0.000          14.000
303_00:00:00      226.620          97.000           0.000          13.470          12.870           4.880           9.000           5.000          37.000           0.000          33.400           0.000           0.000           0.000          14.000
304_00:00:00      226.620          97.000           0.000          13.470          12.870           4.880           9.000           5.000          37.000           0.000          33.400           0.000           0.000           0.000          14.000
305_00:00:00      226.620          97.000           0.000          13.470          12.870           4.880           9.000           5.000          37.000           0.000          33.400           0.000           0.000           0.000          14.000
306_00:00:00      260.950          97.000           0.000          43.900          12.870           4.880          12.900           5.000          37.000           0.000          33.400           0.000           0.000           0.000          14.000
307_00:00:00      283.700          97.000           0.000          43.900          12.870           5.630           9.000           5.000          37.000          25.000          37.200           0.000           0.000           0.000          11.100
308_00:00:00      158.050           0.000           0.000          43.900          12.870           4.880           9.000           5.000          37.000           0.000          34.300           0.000           0.000           0.000          11.100
309_00:00:00      156.020           0.000           0.000          13.470          12.870           4.880          12.900           5.000          37.000          22.500          33.400           0.000           0.000           0.000          14.000
310_00:00:00      141.120           0.000           0.000          13.470          12.870           4.880          12.900           5.000          37.000           0.000          33.400           0.000           0.000           0.000          21.600
311_00:00:00      141.120           0.000           0.000          13.470          12.870           4.880          12.900           5.000          37.000           0.000          33.400           0.000           0.000           0.000          21.600
312_00:00:00      194.050           0.000           0.000          43.900          12.870           4.880          12.900           5.000          37.000          22.500          33.400           0.000           0.000           0.000          21.600
313_00:00:00      165.650           0.000           0.000          43.900          12.870           4.880           9.000           5.000          37.000           0.000          34.300           0.000           0.000           0.000          18.700
314_00:00:00      147.420           0.000           0.000          22.770          12.870           4.880           9.000           5.000          37.000           0.000          37.200           0.000           0.000           0.000          18.700
315_00:00:00      141.120           0.000           0.000          13.470          12.870           4.880          12.900           5.000          37.000           0.000          33.400           0.000           0.000           0.000          21.600
316_00:00:00      141.120           0.000           0.000          13.470          12.870           4.880          12.900           5.000          37.000           0.000          33.400           0.000           0.000           0.000          21.600
317_00:00:00      141.120           0.000           0.000          13.470          12.870           4.880          12.900           5.000          37.000           0.000          33.400           0.000           0.000           0.000          21.600
318_00:00:00      146.520           0.000           0.000          22.770          12.870           4.880           9.000           5.000          37.000           0.000          33.400           0.000           0.000           0.000          21.600
319_00:00:00      168.550           0.000           0.000          43.900          12.870           4.880           9.000           5.000          37.000           0.000          34.300           0.000           0.000           0.000          21.600
320_00:00:00      171.450           0.000           0.000          43.900          12.870           4.880           9.000           5.000          37.000           0.000          37.200           0.000           0.000           0.000          21.600
321_00:00:00      171.520           0.000           0.000          22.770          12.870           4.880           9.000           5.000          37.000          25.000          33.400           0.000           0.000           0.000          21.600
322_00:00:00      134.320           0.000           0.000          13.470          12.870           4.880           9.000           5.000          37.000           0.000          33.400           0.000           0.000           0.000          18.700
323_00:00:00      134.320           0.000           0.000          13.470          12.870           4.880           9.000           5.000          37.000           0.000          33.400           0.000           0.000           0.000          18.700
324_00:00:00      156.820           0.000           0.000          13.470          12.870           4.880           9.000           5.000          37.000          22.500          33.400           0.000           0.000           0.000          18.700
325_00:00:00      171.450           0.000           0.000          43.900          12.870           4.880           9.000           5.000          37.000           0.000          37.200           0.000           0.000           0.000          21.600
326_00:00:00      196.020           0.000           0.000          43.900          12.870           4.880           9.000           5.000          37.000          24.000          34.300           0.000           3.470           0.000          21.600
327_00:00:00      192.550           0.000           0.000          43.900          12.870           4.880           9.000           5.000          37.000          24.000          34.300           0.000           0.000           0.000          21.600
328_00:00:00      134.320           0.000           0.000          13.470          12.870           4.880           9.000           5.000          37.000           0.000          33.400           0.000           0.000           0.000          18.700
329_00:00:00      134.320           0.000           0.000          13.470          12.870           4.880           9.000           5.000          37.000           0.000          33.400           0.000           0.000           0.000          18.700
330_00:00:00      134.320           0.000           0.000          13.470          12.870           4.880           9.000           5.000          37.000           0.000          33.400           0.000           0.000           0.000          18.700
331_00:00:00      136.650           0.000           0.000          43.900          12.870           4.880           9.000           5.000          37.000           0.000           2.400           0.000           0.000           0.000          21.600
332_00:00:00      138.920           0.000           0.000          43.900          12.870           4.880          12.900           5.000           0.000           0.000          34.300           0.000           3.470           0.000          21.600
333_00:00:00      134.450           0.000           0.000          43.900          12.870           4.880           9.000           5.000           0.000           0.000          37.200           0.000           0.000           0.000          21.600
334_00:00:00      123.620           0.000           0.000          13.470          12.870           4.880           9.000           5.000           0.000          22.500          37.200           0.000           0.000           0.000          18.700
335_00:00:00      124.370           0.000           0.000          13.470          12.870           5.630           9.000           5.000           0.000          22.500          37.200           0.000           0.000           0.000          18.700
336_00:00:00      124.370           0.000           0.000          13.470          12.870           5.630           9.000           5.000           0.000          22.500          37.200           0.000           0.000           0.000          18.700
337_00:00:00      153.150           0.000           0.000          43.900          12.870           4.880           9.000           5.000           0.000          22.500          33.400           0.000           0.000           0.000          21.600
338_00:00:00      141.820           0.000           0.000          43.900          12.870           4.880          12.900           5.000           0.000           0.000          37.200           0.000           3.470           0.000          21.600
339_00:00:00      138.350           0.000           0.000          43.900          12.870           4.880          12.900           5.000           0.000           0.000          37.200           0.000           0.000           0.000          21.600
340_00:00:00      101.120           0.000           0.000          13.470          12.870           4.880           9.000           5.000           0.000           0.000          37.200           0.000           0.000           0.000          18.700
341_00:00:00      124.370           0.000           0.000          13.470          12.870           5.630           9.000           5.000           0.000          22.500          37.200           0.000           0.000           0.000          18.700
342_00:00:00      101.870           0.000           0.000          13.470          12.870           5.630           9.000           5.000           0.000           0.000          37.200           0.000           0.000           0.000          18.700
343_00:00:00      155.550           0.000           0.000          43.900          12.870           4.880           9.000           5.000           0.000          24.000          37.200           0.000           0.000           0.000          18.700
344_00:00:00      161.920           0.000           0.000          43.900          12.870           4.880           9.000           5.000           0.000          24.000          37.200           0.000           3.470           0.000          21.600
345_00:00:00      135.450           0.000           0.000          43.900          12.870           4.880          12.900           5.000           0.000           0.000          34.300           0.000           0.000           0.000          21.600
346_00:00:00      132.920           0.000           0.000          22.770          12.870           4.880           9.000           5.000           0.000          22.500          34.300           0.000           0.000           0.000          21.600
347_00:00:00      123.620           0.000           0.000          13.470          12.870           4.880           9.000           5.000           0.000          22.500          37.200           0.000           0.000           0.000          18.700
348_00:00:00      101.870           0.000           0.000          13.470          12.870           5.630           9.000           5.000           0.000           0.000          37.200           0.000           0.000           0.000          18.700
349_00:00:00      125.120           0.000           0.000          13.470          12.870           4.880           9.000           5.000           0.000          24.000          37.200           0.000           0.000           0.000          18.700
350_00:00:00      159.450           0.000           0.000          43.900          12.870           4.880          12.900           5.000           0.000          24.000          34.300           0.000           0.000           0.000          21.600
351_00:00:00      161.420           0.000           0.000          43.900          12.870           4.880          12.900           5.000           0.000          22.500          34.300           0.000           3.470           0.000          21.600
352_00:00:00      138.350           0.000           0.000          43.900          12.870           4.880          12.900           5.000           0.000           0.000          37.200           0.000           0.000           0.000          21.600
353_00:00:00      101.120           0.000           0.000          13.470          12.870           4.880           9.000           5.000           0.000           0.000          37.200           0.000           0.000           0.000          18.700
354_00:00:00      101.870           0.000           0.000          13.470          12.870           5.630           9.000           5.000           0.000           0.000          37.200           0.000           0.000           0.000          18.700
355_00:00:00      122.220           0.000           0.000          13.470          12.870           4.880           9.000           5.000           0.000          24.000          34.300           0.000           0.000           0.000          18.700
356_00:00:00      158.450           0.000           0.000          43.900          12.870           4.880           9.000           5.000           0.000          24.000          37.200           0.000           0.000           0.000          21.600
357_00:00:00      141.820           0.000           0.000          43.900          12.870           4.880          12.900           5.000           0.000           0.000          37.200           0.000           3.470           0.000          21.600
358_00:00:00      131.550           0.000           0.000          43.900          12.870           4.880           9.000           5.000           0.000           0.000          34.300           0.000           0.000           0.000          21.600
359_00:00:00      101.120           0.000           0.000          13.470          12.870           4.880           9.000           5.000           0.000           0.000          37.200           0.000           0.000           0.000          18.700
360_00:00:00      121.320           0.000           0.000          13.470          12.870           4.880           9.000           5.000           0.000          24.000          33.400           0.000           0.000           0.000          18.700
361_00:00:00      101.120           0.000           0.000          13.470          12.870           4.880           9.000           5.000           0.000           0.000          37.200           0.000           0.000           0.000          18.700
362_00:00:00      134.450           0.000           0.000          43.900          12.870           4.880           9.000           5.000           0.000           0.000          37.200           0.000           0.000           0.000          21.600
363_00:00:00      159.020           0.000           0.000          43.900          12.870           4.880           9.000           5.000           0.000          24.000          34.300           0.000           3.470           0.000          21.600
364_00:00:00      154.050           0.000           0.000          43.900          12.870           4.880           9.000           5.000           0.000          22.500          34.300           0.000           0.000           0.000          21.600
365_00:00:00       61.320           0.000           0.000          13.470          12.870           4.880           9.000           0.000           0.000           0.000           2.400           0.000           0.000           0.000          18.700
